  [1m[35m (0.1ms)[0m  [1m[34mSELECT sqlite_version(*)[0m
  [1m[35m (88.1ms)[0m  [1m[35mCREATE TABLE "schema_migrations" ("version" varchar NOT NULL PRIMARY KEY)[0m
  [1m[35m (99.8ms)[0m  [1m[35mCREATE TABLE "ar_internal_metadata" ("key" varchar NOT NULL PRIMARY KEY, "value" varchar, "created_at" datetime NOT NULL, "updated_at" datetime NOT NULL)[0m
  [1m[35m (0.1ms)[0m  [1m[34mSELECT "schema_migrations"."version" FROM "schema_migrations" ORDER BY "schema_migrations"."version" ASC[0m
Migrating to CreateLocations (20171112053058)
  [1m[35m (0.0ms)[0m  [1m[36mbegin transaction[0m
  [1m[35m (0.3ms)[0m  [1m[35mCREATE TABLE "locations" ("id" INTEGER PRIMARY KEY AUTOINCREMENT NOT NULL, "region" integer, "province" varchar, "city" varchar, "created_at" datetime NOT NULL, "updated_at" datetime NOT NULL)[0m
  [1m[35mSQL (0.2ms)[0m  [1m[32mINSERT INTO "schema_migrations" ("version") VALUES (?)[0m  [["version", "20171112053058"]]
  [1m[35m (92.6ms)[0m  [1m[36mcommit transaction[0m
  [1m[36mActiveRecord::InternalMetadata Load (0.3ms)[0m  [1m[34mSELECT  "ar_internal_metadata".* FROM "ar_internal_metadata" WHERE "ar_internal_metadata"."key" = ? LIMIT ?[0m  [["key", "environment"], ["LIMIT", 1]]
  [1m[35m (0.1ms)[0m  [1m[36mbegin transaction[0m
  [1m[35mSQL (0.4ms)[0m  [1m[32mINSERT INTO "ar_internal_metadata" ("key", "value", "created_at", "updated_at") VALUES (?, ?, ?, ?)[0m  [["key", "environment"], ["value", "development"], ["created_at", "2017-11-12 05:48:49.143991"], ["updated_at", "2017-11-12 05:48:49.143991"]]
  [1m[35m (68.2ms)[0m  [1m[36mcommit transaction[0m
  [1m[35m (0.1ms)[0m  [1m[34mSELECT "schema_migrations"."version" FROM "schema_migrations" ORDER BY "schema_migrations"."version" ASC[0m
Started GET "/" for 127.0.0.1 at 2017-11-12 13:50:04 +0800
  [1m[35m (0.1ms)[0m  [1m[34mSELECT "schema_migrations"."version" FROM "schema_migrations" ORDER BY "schema_migrations"."version" ASC[0m
Processing by Rails::WelcomeController#index as HTML
  Rendering /home/natto/.rbenv/versions/2.4.0/lib/ruby/gems/2.4.0/gems/railties-5.1.4/lib/rails/templates/rails/welcome/index.html.erb
  Rendered /home/natto/.rbenv/versions/2.4.0/lib/ruby/gems/2.4.0/gems/railties-5.1.4/lib/rails/templates/rails/welcome/index.html.erb (2.0ms)
Completed 200 OK in 56ms (Views: 17.6ms | ActiveRecord: 0.0ms)


Started GET "/locations" for 127.0.0.1 at 2017-11-12 13:50:23 +0800
Processing by LocationsController#index as HTML
  Rendering locations/index.html.erb within layouts/application
  [1m[36mLocation Load (0.2ms)[0m  [1m[34mSELECT "locations".* FROM "locations"[0m
  Rendered locations/index.html.erb within layouts/application (3.3ms)
Completed 200 OK in 1161ms (Views: 1055.3ms | ActiveRecord: 0.6ms)


Started GET "/locations/1" for 127.0.0.1 at 2017-11-12 13:52:37 +0800
Processing by LocationsController#show as HTML
  Parameters: {"id"=>"1"}
  [1m[36mLocation Load (0.2ms)[0m  [1m[34mSELECT  "locations".* FROM "locations" WHERE "locations"."id" = ? LIMIT ?[0m  [["id", 1], ["LIMIT", 1]]
Completed 404 Not Found in 27ms (ActiveRecord: 0.7ms)


  
ActiveRecord::RecordNotFound (Couldn't find Location with 'id'=1):
  
app/controllers/locations_controller.rb:67:in `set_location'
Started GET "/locations/new" for 127.0.0.1 at 2017-11-12 13:52:42 +0800
Processing by LocationsController#new as HTML
  Rendering locations/new.html.erb within layouts/application
  Rendered locations/_form.html.erb (153.0ms)
  Rendered locations/new.html.erb within layouts/application (154.2ms)
Completed 200 OK in 170ms (Views: 164.0ms | ActiveRecord: 0.0ms)


Started POST "/locations" for 127.0.0.1 at 2017-11-12 13:54:19 +0800
Processing by LocationsController#create as HTML
  Parameters: {"utf8"=>"✓", "authenticity_token"=>"+YJo0zdLyTIJtQiL2/sP7HkVRHD0WJ8d18zVpxte1yUDxKcMvSibVLkIZwqKg3kY31uJdaipd5f5Z6NFAg1Dew==", "location"=>{"region"=>"13", "province"=>"Metro Manila", "city"=>"Quezon City"}, "commit"=>"Create Location"}
  [1m[35m (0.1ms)[0m  [1m[36mbegin transaction[0m
  [1m[35mSQL (0.7ms)[0m  [1m[32mINSERT INTO "locations" ("region", "province", "city", "created_at", "updated_at") VALUES (?, ?, ?, ?, ?)[0m  [["region", 13], ["province", "Metro Manila"], ["city", "Quezon City"], ["created_at", "2017-11-12 05:54:19.859712"], ["updated_at", "2017-11-12 05:54:19.859712"]]
  [1m[35m (149.1ms)[0m  [1m[36mcommit transaction[0m
Redirected to http://localhost:3000/locations/1
Completed 302 Found in 154ms (ActiveRecord: 149.9ms)


Started GET "/locations/1" for 127.0.0.1 at 2017-11-12 13:54:20 +0800
Processing by LocationsController#show as HTML
  Parameters: {"id"=>"1"}
  [1m[36mLocation Load (0.2ms)[0m  [1m[34mSELECT  "locations".* FROM "locations" WHERE "locations"."id" = ? LIMIT ?[0m  [["id", 1], ["LIMIT", 1]]
  Rendering locations/show.html.erb within layouts/application
  Rendered locations/show.html.erb within layouts/application (0.7ms)
Completed 200 OK in 35ms (Views: 19.6ms | ActiveRecord: 0.2ms)


Started GET "/locations" for 127.0.0.1 at 2017-11-12 13:54:21 +0800
Processing by LocationsController#index as HTML
  Rendering locations/index.html.erb within layouts/application
  [1m[36mLocation Load (0.2ms)[0m  [1m[34mSELECT "locations".* FROM "locations"[0m
  Rendered locations/index.html.erb within layouts/application (1.8ms)
Completed 200 OK in 24ms (Views: 22.4ms | ActiveRecord: 0.2ms)


Started GET "/locations/1/edit" for 127.0.0.1 at 2017-11-12 13:54:26 +0800
Processing by LocationsController#edit as HTML
  Parameters: {"id"=>"1"}
  [1m[36mLocation Load (0.1ms)[0m  [1m[34mSELECT  "locations".* FROM "locations" WHERE "locations"."id" = ? LIMIT ?[0m  [["id", 1], ["LIMIT", 1]]
  Rendering locations/edit.html.erb within layouts/application
  Rendered locations/_form.html.erb (2.1ms)
  Rendered locations/edit.html.erb within layouts/application (3.3ms)
Completed 200 OK in 21ms (Views: 19.0ms | ActiveRecord: 0.1ms)


Started PATCH "/locations/1" for 127.0.0.1 at 2017-11-12 13:54:29 +0800
Processing by LocationsController#update as HTML
  Parameters: {"utf8"=>"✓", "authenticity_token"=>"ASLCnAymXr1EmSSN2wW0zHFhB7nJFZcKMB1TE2/BRp03S+Uv+0iEaV1cvZgiXLHFrmkruYCziBo10kS4HIDmzw==", "location"=>{"region"=>"13", "province"=>"Metro Manil", "city"=>"Quezon City"}, "commit"=>"Update Location", "id"=>"1"}
  [1m[36mLocation Load (0.1ms)[0m  [1m[34mSELECT  "locations".* FROM "locations" WHERE "locations"."id" = ? LIMIT ?[0m  [["id", 1], ["LIMIT", 1]]
  [1m[35m (0.1ms)[0m  [1m[36mbegin transaction[0m
  [1m[35mSQL (0.8ms)[0m  [1m[33mUPDATE "locations" SET "province" = ?, "updated_at" = ? WHERE "locations"."id" = ?[0m  [["province", "Metro Manil"], ["updated_at", "2017-11-12 05:54:29.959579"], ["id", 1]]
  [1m[35m (244.5ms)[0m  [1m[36mcommit transaction[0m
Redirected to http://localhost:3000/locations/1
Completed 302 Found in 307ms (ActiveRecord: 245.4ms)


Started GET "/locations/1" for 127.0.0.1 at 2017-11-12 13:54:30 +0800
Processing by LocationsController#show as HTML
  Parameters: {"id"=>"1"}
  [1m[36mLocation Load (0.1ms)[0m  [1m[34mSELECT  "locations".* FROM "locations" WHERE "locations"."id" = ? LIMIT ?[0m  [["id", 1], ["LIMIT", 1]]
  Rendering locations/show.html.erb within layouts/application
  Rendered locations/show.html.erb within layouts/application (1.6ms)
Completed 200 OK in 16ms (Views: 14.3ms | ActiveRecord: 0.1ms)


Started GET "/locations" for 127.0.0.1 at 2017-11-12 13:54:32 +0800
Processing by LocationsController#index as HTML
  Rendering locations/index.html.erb within layouts/application
  [1m[36mLocation Load (0.2ms)[0m  [1m[34mSELECT "locations".* FROM "locations"[0m
  Rendered locations/index.html.erb within layouts/application (1.5ms)
Completed 200 OK in 20ms (Views: 19.1ms | ActiveRecord: 0.2ms)


Started GET "/locations/1/edit" for 127.0.0.1 at 2017-11-12 13:54:36 +0800
Processing by LocationsController#edit as HTML
  Parameters: {"id"=>"1"}
  [1m[36mLocation Load (0.1ms)[0m  [1m[34mSELECT  "locations".* FROM "locations" WHERE "locations"."id" = ? LIMIT ?[0m  [["id", 1], ["LIMIT", 1]]
  Rendering locations/edit.html.erb within layouts/application
  Rendered locations/_form.html.erb (3.1ms)
  Rendered locations/edit.html.erb within layouts/application (4.4ms)
Completed 200 OK in 23ms (Views: 20.9ms | ActiveRecord: 0.1ms)


Started PATCH "/locations/1" for 127.0.0.1 at 2017-11-12 13:54:38 +0800
Processing by LocationsController#update as HTML
  Parameters: {"utf8"=>"✓", "authenticity_token"=>"QudbKiEm/giRFgzQ2qGz84YNeyi92HFojgXmH6Y3dH90jnyZ1sgk3IjTlcUj+Lb6WQVXKPR+bniLyvG01XbULQ==", "location"=>{"region"=>"13", "province"=>"Metro Manila", "city"=>"Quezon City"}, "commit"=>"Update Location", "id"=>"1"}
  [1m[36mLocation Load (0.1ms)[0m  [1m[34mSELECT  "locations".* FROM "locations" WHERE "locations"."id" = ? LIMIT ?[0m  [["id", 1], ["LIMIT", 1]]
  [1m[35m (0.1ms)[0m  [1m[36mbegin transaction[0m
  [1m[35mSQL (0.9ms)[0m  [1m[33mUPDATE "locations" SET "province" = ?, "updated_at" = ? WHERE "locations"."id" = ?[0m  [["province", "Metro Manila"], ["updated_at", "2017-11-12 05:54:38.043930"], ["id", 1]]
  [1m[35m (266.0ms)[0m  [1m[36mcommit transaction[0m
Redirected to http://localhost:3000/locations/1
Completed 302 Found in 273ms (ActiveRecord: 267.1ms)


Started GET "/locations/1" for 127.0.0.1 at 2017-11-12 13:54:38 +0800
Processing by LocationsController#show as HTML
  Parameters: {"id"=>"1"}
  [1m[36mLocation Load (0.2ms)[0m  [1m[34mSELECT  "locations".* FROM "locations" WHERE "locations"."id" = ? LIMIT ?[0m  [["id", 1], ["LIMIT", 1]]
  Rendering locations/show.html.erb within layouts/application
  Rendered locations/show.html.erb within layouts/application (2.6ms)
Completed 200 OK in 16ms (Views: 14.5ms | ActiveRecord: 0.2ms)


Started GET "/locations" for 127.0.0.1 at 2017-11-12 13:54:39 +0800
Processing by LocationsController#index as HTML
  Rendering locations/index.html.erb within layouts/application
  [1m[36mLocation Load (0.2ms)[0m  [1m[34mSELECT "locations".* FROM "locations"[0m
  Rendered locations/index.html.erb within layouts/application (2.6ms)
Completed 200 OK in 24ms (Views: 22.8ms | ActiveRecord: 0.2ms)


Started GET "/locations/1" for 127.0.0.1 at 2017-11-12 13:54:42 +0800
Processing by LocationsController#show as HTML
  Parameters: {"id"=>"1"}
  [1m[36mLocation Load (0.1ms)[0m  [1m[34mSELECT  "locations".* FROM "locations" WHERE "locations"."id" = ? LIMIT ?[0m  [["id", 1], ["LIMIT", 1]]
  Rendering locations/show.html.erb within layouts/application
  Rendered locations/show.html.erb within layouts/application (0.8ms)
Completed 200 OK in 17ms (Views: 14.6ms | ActiveRecord: 0.1ms)


Started GET "/locations" for 127.0.0.1 at 2017-11-12 13:54:46 +0800
Processing by LocationsController#index as HTML
  Rendering locations/index.html.erb within layouts/application
  [1m[36mLocation Load (0.2ms)[0m  [1m[34mSELECT "locations".* FROM "locations"[0m
  Rendered locations/index.html.erb within layouts/application (1.7ms)
Completed 200 OK in 26ms (Views: 25.3ms | ActiveRecord: 0.2ms)


Started GET "/locations/1" for 127.0.0.1 at 2017-11-12 13:54:46 +0800
Processing by LocationsController#show as HTML
  Parameters: {"id"=>"1"}
  [1m[36mLocation Load (0.2ms)[0m  [1m[34mSELECT  "locations".* FROM "locations" WHERE "locations"."id" = ? LIMIT ?[0m  [["id", 1], ["LIMIT", 1]]
  Rendering locations/show.html.erb within layouts/application
  Rendered locations/show.html.erb within layouts/application (0.7ms)
Completed 200 OK in 22ms (Views: 19.8ms | ActiveRecord: 0.2ms)


Started GET "/locations" for 127.0.0.1 at 2017-11-12 13:54:47 +0800
Processing by LocationsController#index as HTML
  Rendering locations/index.html.erb within layouts/application
  [1m[36mLocation Load (0.2ms)[0m  [1m[34mSELECT "locations".* FROM "locations"[0m
  Rendered locations/index.html.erb within layouts/application (2.2ms)
Completed 200 OK in 25ms (Views: 24.1ms | ActiveRecord: 0.2ms)


